<?xml version="1.0" encoding="UTF-8"?>
<coverage generated="1617731117582" clover="3.2.0">
  <project timestamp="1617731117582" name="All files">
    <metrics statements="106" coveredstatements="92" conditionals="48" coveredconditionals="38" methods="45" coveredmethods="40" elements="199" coveredelements="170" complexity="0" loc="106" ncloc="106" packages="5" files="10" classes="10"/>
    <package name="components.feedback.toast">
      <metrics statements="19" coveredstatements="15" conditionals="8" coveredconditionals="5" methods="9" coveredmethods="8"/>
      <file name="Toast.vue" path="/Users/mingyannie/Desktop/ui组件库/n-ui/src/components/feedback/toast/Toast.vue">
        <metrics statements="19" coveredstatements="15" conditionals="8" coveredconditionals="5" methods="9" coveredmethods="8"/>
        <line num="41" count="10" type="stmt"/>
        <line num="46" count="5" type="stmt"/>
        <line num="49" count="5" type="stmt"/>
        <line num="50" count="5" type="stmt"/>
        <line num="54" count="6" type="stmt"/>
        <line num="59" count="1" type="stmt"/>
        <line num="60" count="1" type="stmt"/>
        <line num="61" count="1" type="cond" truecount="3" falsecount="1"/>
        <line num="62" count="1" type="stmt"/>
        <line num="64" count="1" type="stmt"/>
        <line num="67" count="5" type="cond" truecount="1" falsecount="1"/>
        <line num="68" count="5" type="stmt"/>
        <line num="70" count="0" type="stmt"/>
        <line num="71" count="0" type="stmt"/>
        <line num="72" count="0" type="stmt"/>
        <line num="73" count="0" type="stmt"/>
        <line num="77" count="5" type="cond" truecount="1" falsecount="1"/>
        <line num="78" count="5" type="stmt"/>
        <line num="79" count="1" type="stmt"/>
      </file>
    </package>
    <package name="components.form.input">
      <metrics statements="13" coveredstatements="12" conditionals="4" coveredconditionals="3" methods="7" coveredmethods="6"/>
      <file name="Input.vue" path="/Users/mingyannie/Desktop/ui组件库/n-ui/src/components/form/input/Input.vue">
        <metrics statements="13" coveredstatements="12" conditionals="4" coveredconditionals="3" methods="7" coveredmethods="6"/>
        <line num="44" count="1" type="stmt"/>
        <line num="78" count="2" type="stmt"/>
        <line num="79" count="2" type="cond" truecount="2" falsecount="0"/>
        <line num="80" count="1" type="stmt"/>
        <line num="81" count="1" type="cond" truecount="1" falsecount="1"/>
        <line num="82" count="1" type="stmt"/>
        <line num="84" count="2" type="stmt"/>
        <line num="87" count="0" type="stmt"/>
        <line num="92" count="1" type="stmt"/>
        <line num="95" count="6" type="stmt"/>
        <line num="98" count="1" type="stmt"/>
        <line num="101" count="1" type="stmt"/>
        <line num="104" count="1" type="stmt"/>
      </file>
    </package>
    <package name="components.layout.grid">
      <metrics statements="39" coveredstatements="33" conditionals="22" coveredconditionals="18" methods="8" coveredmethods="7"/>
      <file name="Col.vue" path="/Users/mingyannie/Desktop/ui组件库/n-ui/src/components/layout/grid/Col.vue">
        <metrics statements="24" coveredstatements="21" conditionals="14" coveredconditionals="11" methods="5" coveredmethods="5"/>
        <line num="36" count="7" type="stmt"/>
        <line num="42" count="14" type="stmt"/>
        <line num="43" count="14" type="cond" truecount="2" falsecount="0"/>
        <line num="44" count="1" type="stmt"/>
        <line num="46" count="14" type="cond" truecount="2" falsecount="0"/>
        <line num="47" count="1" type="stmt"/>
        <line num="49" count="14" type="stmt"/>
        <line num="56" count="14" type="stmt"/>
        <line num="59" count="7" type="stmt"/>
        <line num="60" count="7" type="cond" truecount="1" falsecount="1"/>
        <line num="61" count="0" type="stmt"/>
        <line num="62" count="0" type="stmt"/>
        <line num="63" count="0" type="stmt"/>
        <line num="65" count="7" type="stmt"/>
        <line num="70" count="70" type="stmt"/>
        <line num="71" count="70" type="cond" truecount="2" falsecount="0"/>
        <line num="72" count="65" type="stmt"/>
        <line num="74" count="5" type="stmt"/>
        <line num="76" count="5" type="cond" truecount="3" falsecount="1"/>
        <line num="77" count="5" type="stmt"/>
        <line num="80" count="5" type="stmt"/>
        <line num="81" count="5" type="stmt"/>
        <line num="82" count="5" type="cond" truecount="1" falsecount="1"/>
        <line num="86" count="5" type="stmt"/>
      </file>
      <file name="Row.vue" path="/Users/mingyannie/Desktop/ui组件库/n-ui/src/components/layout/grid/Row.vue">
        <metrics statements="15" coveredstatements="12" conditionals="8" coveredconditionals="7" methods="3" coveredmethods="2"/>
        <line num="22" count="6" type="stmt"/>
        <line num="27" count="6" type="stmt"/>
        <line num="28" count="6" type="cond" truecount="2" falsecount="0"/>
        <line num="29" count="1" type="stmt"/>
        <line num="30" count="1" type="stmt"/>
        <line num="31" count="1" type="stmt"/>
        <line num="33" count="6" type="cond" truecount="2" falsecount="0"/>
        <line num="34" count="1" type="stmt"/>
        <line num="36" count="6" type="cond" truecount="2" falsecount="0"/>
        <line num="37" count="1" type="stmt"/>
        <line num="39" count="6" type="stmt"/>
        <line num="43" count="3" type="cond" truecount="1" falsecount="1"/>
        <line num="44" count="0" type="stmt"/>
        <line num="45" count="0" type="stmt"/>
        <line num="46" count="0" type="stmt"/>
      </file>
    </package>
    <package name="components.navigation.tabs">
      <metrics statements="34" coveredstatements="31" conditionals="14" coveredconditionals="12" methods="20" coveredmethods="18"/>
      <file name="TabHead.vue" path="/Users/mingyannie/Desktop/ui组件库/n-ui/src/components/navigation/tabs/TabHead.vue">
        <metrics statements="6" coveredstatements="5" conditionals="0" coveredconditionals="0" methods="3" coveredmethods="2"/>
        <line num="16" count="4" type="stmt"/>
        <line num="17" count="5" type="stmt"/>
        <line num="18" count="5" type="stmt"/>
        <line num="19" count="5" type="stmt"/>
        <line num="20" count="5" type="stmt"/>
        <line num="25" count="0" type="stmt"/>
      </file>
      <file name="TabPane.vue" path="/Users/mingyannie/Desktop/ui组件库/n-ui/src/components/navigation/tabs/TabPane.vue">
        <metrics statements="6" coveredstatements="6" conditionals="2" coveredconditionals="2" methods="4" coveredmethods="4"/>
        <line num="18" count="12" type="stmt"/>
        <line num="24" count="18" type="stmt"/>
        <line num="28" count="12" type="stmt"/>
        <line num="29" count="15" type="cond" truecount="2" falsecount="0"/>
        <line num="30" count="5" type="stmt"/>
        <line num="32" count="10" type="stmt"/>
      </file>
      <file name="TabTitle.vue" path="/Users/mingyannie/Desktop/ui组件库/n-ui/src/components/navigation/tabs/TabTitle.vue">
        <metrics statements="9" coveredstatements="8" conditionals="4" coveredconditionals="3" methods="5" coveredmethods="5"/>
        <line num="22" count="12" type="stmt"/>
        <line num="28" count="18" type="stmt"/>
        <line num="35" count="12" type="stmt"/>
        <line num="36" count="15" type="cond" truecount="2" falsecount="0"/>
        <line num="37" count="5" type="stmt"/>
        <line num="39" count="10" type="stmt"/>
        <line num="45" count="1" type="cond" truecount="1" falsecount="1"/>
        <line num="46" count="0" type="stmt"/>
        <line num="48" count="1" type="stmt"/>
      </file>
      <file name="Tabs.vue" path="/Users/mingyannie/Desktop/ui组件库/n-ui/src/components/navigation/tabs/Tabs.vue">
        <metrics statements="13" coveredstatements="12" conditionals="8" coveredconditionals="7" methods="8" coveredmethods="7"/>
        <line num="8" count="1" type="stmt"/>
        <line num="26" count="4" type="stmt"/>
        <line num="31" count="4" type="stmt"/>
        <line num="38" count="4" type="cond" truecount="1" falsecount="1"/>
        <line num="39" count="4" type="stmt"/>
        <line num="40" count="8" type="cond" truecount="2" falsecount="0"/>
        <line num="41" count="4" type="stmt"/>
        <line num="42" count="12" type="cond" truecount="4" falsecount="0"/>
        <line num="46" count="4" type="stmt"/>
        <line num="53" count="4" type="stmt"/>
        <line num="54" count="1" type="stmt"/>
        <line num="56" count="4" type="stmt"/>
        <line num="57" count="0" type="stmt"/>
      </file>
    </package>
    <package name="utils">
      <metrics statements="1" coveredstatements="1" conditionals="0" coveredconditionals="0" methods="1" coveredmethods="1"/>
      <file name="findTestWrapper.js" path="/Users/mingyannie/Desktop/ui组件库/n-ui/src/utils/findTestWrapper.js">
        <metrics statements="1" coveredstatements="1" conditionals="0" coveredconditionals="0" methods="1" coveredmethods="1"/>
        <line num="2" count="15" type="stmt"/>
      </file>
      <file name="index.js" path="/Users/mingyannie/Desktop/ui组件库/n-ui/src/utils/index.js">
        <metrics statements="0" coveredstatements="0" conditionals="0" coveredconditionals="0" methods="0" coveredmethods="0"/>
      </file>
    </package>
  </project>
</coverage>
