{"/Users/mingyannie/Desktop/ui组件库/n-ui/src/components/feedback/Toast.vue": {"path":"/Users/mingyannie/Desktop/ui组件库/n-ui/src/components/feedback/Toast.vue","statementMap":{"0":{"start":{"line":41,"column":0},"end":{"line":41,"column":null}},"1":{"start":{"line":46,"column":0},"end":{"line":46,"column":null}},"2":{"start":{"line":49,"column":0},"end":{"line":49,"column":null}},"3":{"start":{"line":50,"column":0},"end":{"line":50,"column":null}},"4":{"start":{"line":54,"column":0},"end":{"line":54,"column":null}},"5":{"start":{"line":59,"column":0},"end":{"line":59,"column":null}},"6":{"start":{"line":60,"column":0},"end":{"line":60,"column":null}},"7":{"start":{"line":61,"column":0},"end":{"line":63,"column":null}},"8":{"start":{"line":62,"column":0},"end":{"line":62,"column":null}},"9":{"start":{"line":64,"column":0},"end":{"line":64,"column":null}},"10":{"start":{"line":67,"column":0},"end":{"line":69,"column":null}},"11":{"start":{"line":68,"column":0},"end":{"line":68,"column":null}},"12":{"start":{"line":70,"column":0},"end":{"line":74,"column":null}},"13":{"start":{"line":71,"column":0},"end":{"line":71,"column":null}},"14":{"start":{"line":72,"column":0},"end":{"line":72,"column":null}},"15":{"start":{"line":73,"column":0},"end":{"line":73,"column":null}},"16":{"start":{"line":77,"column":0},"end":{"line":81,"column":null}},"17":{"start":{"line":78,"column":0},"end":{"line":80,"column":null}},"18":{"start":{"line":79,"column":0},"end":{"line":79,"column":null}}},"fnMap":{"0":{"name":"(anonymous_1)","decl":{"start":{"line":40,"column":0},"end":{"line":40,"column":null}},"loc":{"start":{"line":40,"column":0},"end":{"line":42,"column":null}}},"1":{"name":"(anonymous_2)","decl":{"start":{"line":45,"column":0},"end":{"line":45,"column":null}},"loc":{"start":{"line":45,"column":0},"end":{"line":47,"column":null}}},"2":{"name":"(anonymous_3)","decl":{"start":{"line":48,"column":0},"end":{"line":48,"column":null}},"loc":{"start":{"line":48,"column":0},"end":{"line":51,"column":null}}},"3":{"name":"(anonymous_4)","decl":{"start":{"line":53,"column":0},"end":{"line":53,"column":null}},"loc":{"start":{"line":53,"column":0},"end":{"line":55,"column":null}}},"4":{"name":"(anonymous_5)","decl":{"start":{"line":58,"column":0},"end":{"line":58,"column":null}},"loc":{"start":{"line":58,"column":0},"end":{"line":65,"column":null}}},"5":{"name":"(anonymous_6)","decl":{"start":{"line":66,"column":0},"end":{"line":66,"column":null}},"loc":{"start":{"line":66,"column":0},"end":{"line":75,"column":null}}},"6":{"name":"(anonymous_7)","decl":{"start":{"line":70,"column":0},"end":{"line":70,"column":null}},"loc":{"start":{"line":70,"column":0},"end":{"line":74,"column":null}}},"7":{"name":"(anonymous_8)","decl":{"start":{"line":76,"column":0},"end":{"line":76,"column":null}},"loc":{"start":{"line":76,"column":0},"end":{"line":82,"column":null}}},"8":{"name":"(anonymous_9)","decl":{"start":{"line":78,"column":0},"end":{"line":78,"column":null}},"loc":{"start":{"line":78,"column":0},"end":{"line":80,"column":null}}}},"branchMap":{"0":{"loc":{"start":{"line":61,"column":0},"end":{"line":63,"column":null}},"type":"if","locations":[{"start":{"line":61,"column":0},"end":{"line":63,"column":null}},{"start":{"line":61,"column":0},"end":{"line":63,"column":null}}]},"1":{"loc":{"start":{"line":61,"column":0},"end":{"line":61,"column":null}},"type":"binary-expr","locations":[{"start":{"line":61,"column":0},"end":{"line":61,"column":null}},{"start":{"line":61,"column":0},"end":{"line":61,"column":null}}]},"2":{"loc":{"start":{"line":67,"column":0},"end":{"line":69,"column":null}},"type":"if","locations":[{"start":{"line":67,"column":0},"end":{"line":69,"column":null}},{"start":{"line":67,"column":0},"end":{"line":69,"column":null}}]},"3":{"loc":{"start":{"line":77,"column":0},"end":{"line":81,"column":null}},"type":"if","locations":[{"start":{"line":77,"column":0},"end":{"line":81,"column":null}},{"start":{"line":77,"column":0},"end":{"line":81,"column":null}}]}},"s":{"0":10,"1":5,"2":5,"3":5,"4":6,"5":1,"6":1,"7":1,"8":1,"9":1,"10":5,"11":5,"12":0,"13":0,"14":0,"15":0,"16":5,"17":5,"18":1},"f":{"0":10,"1":5,"2":5,"3":6,"4":1,"5":5,"6":0,"7":5,"8":1},"b":{"0":[1,0],"1":[1,1],"2":[5,0],"3":[5,0]}}
,"/Users/mingyannie/Desktop/ui组件库/n-ui/src/components/form/input/Input.vue": {"path":"/Users/mingyannie/Desktop/ui组件库/n-ui/src/components/form/input/Input.vue","statementMap":{"0":{"start":{"line":44,"column":0},"end":{"line":44,"column":null}},"1":{"start":{"line":78,"column":0},"end":{"line":78,"column":null}},"2":{"start":{"line":79,"column":0},"end":{"line":83,"column":null}},"3":{"start":{"line":80,"column":0},"end":{"line":80,"column":null}},"4":{"start":{"line":81,"column":0},"end":{"line":83,"column":null}},"5":{"start":{"line":82,"column":0},"end":{"line":82,"column":null}},"6":{"start":{"line":84,"column":0},"end":{"line":84,"column":null}},"7":{"start":{"line":87,"column":0},"end":{"line":87,"column":null}},"8":{"start":{"line":92,"column":0},"end":{"line":92,"column":null}},"9":{"start":{"line":95,"column":0},"end":{"line":95,"column":null}},"10":{"start":{"line":98,"column":0},"end":{"line":98,"column":null}},"11":{"start":{"line":101,"column":0},"end":{"line":101,"column":null}},"12":{"start":{"line":104,"column":0},"end":{"line":104,"column":null}}},"fnMap":{"0":{"name":"(anonymous_1)","decl":{"start":{"line":77,"column":0},"end":{"line":77,"column":null}},"loc":{"start":{"line":77,"column":0},"end":{"line":85,"column":null}}},"1":{"name":"(anonymous_2)","decl":{"start":{"line":86,"column":0},"end":{"line":86,"column":null}},"loc":{"start":{"line":86,"column":0},"end":{"line":88,"column":null}}},"2":{"name":"(anonymous_3)","decl":{"start":{"line":91,"column":0},"end":{"line":91,"column":null}},"loc":{"start":{"line":91,"column":0},"end":{"line":93,"column":null}}},"3":{"name":"(anonymous_4)","decl":{"start":{"line":94,"column":0},"end":{"line":94,"column":null}},"loc":{"start":{"line":94,"column":0},"end":{"line":96,"column":null}}},"4":{"name":"(anonymous_5)","decl":{"start":{"line":97,"column":0},"end":{"line":97,"column":null}},"loc":{"start":{"line":97,"column":0},"end":{"line":99,"column":null}}},"5":{"name":"(anonymous_6)","decl":{"start":{"line":100,"column":0},"end":{"line":100,"column":null}},"loc":{"start":{"line":100,"column":0},"end":{"line":102,"column":null}}},"6":{"name":"(anonymous_7)","decl":{"start":{"line":103,"column":0},"end":{"line":103,"column":null}},"loc":{"start":{"line":103,"column":0},"end":{"line":105,"column":null}}}},"branchMap":{"0":{"loc":{"start":{"line":79,"column":0},"end":{"line":83,"column":null}},"type":"if","locations":[{"start":{"line":79,"column":0},"end":{"line":83,"column":null}},{"start":{"line":79,"column":0},"end":{"line":83,"column":null}}]},"1":{"loc":{"start":{"line":81,"column":0},"end":{"line":83,"column":null}},"type":"if","locations":[{"start":{"line":81,"column":0},"end":{"line":83,"column":null}},{"start":{"line":81,"column":0},"end":{"line":83,"column":null}}]}},"s":{"0":1,"1":2,"2":2,"3":1,"4":1,"5":1,"6":2,"7":0,"8":1,"9":6,"10":1,"11":1,"12":1},"f":{"0":2,"1":0,"2":1,"3":6,"4":1,"5":1,"6":1},"b":{"0":[1,1],"1":[1,0]}}
,"/Users/mingyannie/Desktop/ui组件库/n-ui/src/components/layout/grid/Col.vue": {"path":"/Users/mingyannie/Desktop/ui组件库/n-ui/src/components/layout/grid/Col.vue","statementMap":{"0":{"start":{"line":36,"column":0},"end":{"line":36,"column":null}},"1":{"start":{"line":42,"column":0},"end":{"line":42,"column":null}},"2":{"start":{"line":43,"column":0},"end":{"line":45,"column":null}},"3":{"start":{"line":44,"column":0},"end":{"line":44,"column":null}},"4":{"start":{"line":46,"column":0},"end":{"line":48,"column":null}},"5":{"start":{"line":47,"column":0},"end":{"line":47,"column":null}},"6":{"start":{"line":49,"column":0},"end":{"line":49,"column":null}},"7":{"start":{"line":56,"column":0},"end":{"line":56,"column":null}},"8":{"start":{"line":59,"column":0},"end":{"line":59,"column":null}},"9":{"start":{"line":60,"column":0},"end":{"line":64,"column":null}},"10":{"start":{"line":61,"column":0},"end":{"line":61,"column":null}},"11":{"start":{"line":62,"column":0},"end":{"line":62,"column":null}},"12":{"start":{"line":63,"column":0},"end":{"line":63,"column":null}},"13":{"start":{"line":65,"column":0},"end":{"line":65,"column":null}},"14":{"start":{"line":70,"column":0},"end":{"line":70,"column":null}},"15":{"start":{"line":71,"column":0},"end":{"line":73,"column":null}},"16":{"start":{"line":72,"column":0},"end":{"line":72,"column":null}},"17":{"start":{"line":74,"column":0},"end":{"line":74,"column":null}},"18":{"start":{"line":76,"column":0},"end":{"line":78,"column":null}},"19":{"start":{"line":77,"column":0},"end":{"line":77,"column":null}},"20":{"start":{"line":80,"column":0},"end":{"line":80,"column":null}},"21":{"start":{"line":81,"column":0},"end":{"line":85,"column":null}},"22":{"start":{"line":82,"column":0},"end":{"line":82,"column":null}},"23":{"start":{"line":86,"column":0},"end":{"line":86,"column":null}}},"fnMap":{"0":{"name":"(anonymous_1)","decl":{"start":{"line":35,"column":0},"end":{"line":35,"column":null}},"loc":{"start":{"line":35,"column":0},"end":{"line":39,"column":null}}},"1":{"name":"(anonymous_2)","decl":{"start":{"line":41,"column":0},"end":{"line":41,"column":null}},"loc":{"start":{"line":41,"column":0},"end":{"line":57,"column":null}}},"2":{"name":"(anonymous_3)","decl":{"start":{"line":58,"column":0},"end":{"line":58,"column":null}},"loc":{"start":{"line":58,"column":0},"end":{"line":66,"column":null}}},"3":{"name":"(anonymous_4)","decl":{"start":{"line":69,"column":0},"end":{"line":69,"column":null}},"loc":{"start":{"line":69,"column":0},"end":{"line":87,"column":null}}},"4":{"name":"(anonymous_5)","decl":{"start":{"line":81,"column":0},"end":{"line":81,"column":null}},"loc":{"start":{"line":81,"column":0},"end":{"line":85,"column":null}}}},"branchMap":{"0":{"loc":{"start":{"line":43,"column":0},"end":{"line":45,"column":null}},"type":"if","locations":[{"start":{"line":43,"column":0},"end":{"line":45,"column":null}},{"start":{"line":43,"column":0},"end":{"line":45,"column":null}}]},"1":{"loc":{"start":{"line":46,"column":0},"end":{"line":48,"column":null}},"type":"if","locations":[{"start":{"line":46,"column":0},"end":{"line":48,"column":null}},{"start":{"line":46,"column":0},"end":{"line":48,"column":null}}]},"2":{"loc":{"start":{"line":60,"column":0},"end":{"line":64,"column":null}},"type":"if","locations":[{"start":{"line":60,"column":0},"end":{"line":64,"column":null}},{"start":{"line":60,"column":0},"end":{"line":64,"column":null}}]},"3":{"loc":{"start":{"line":71,"column":0},"end":{"line":73,"column":null}},"type":"if","locations":[{"start":{"line":71,"column":0},"end":{"line":73,"column":null}},{"start":{"line":71,"column":0},"end":{"line":73,"column":null}}]},"4":{"loc":{"start":{"line":76,"column":0},"end":{"line":78,"column":null}},"type":"if","locations":[{"start":{"line":76,"column":0},"end":{"line":78,"column":null}},{"start":{"line":76,"column":0},"end":{"line":78,"column":null}}]},"5":{"loc":{"start":{"line":76,"column":0},"end":{"line":76,"column":null}},"type":"binary-expr","locations":[{"start":{"line":76,"column":0},"end":{"line":76,"column":null}},{"start":{"line":76,"column":0},"end":{"line":76,"column":null}}]},"6":{"loc":{"start":{"line":82,"column":0},"end":{"line":82,"column":null}},"type":"cond-expr","locations":[{"start":{"line":82,"column":0},"end":{"line":82,"column":null}},{"start":{"line":82,"column":0},"end":{"line":82,"column":null}}]}},"s":{"0":7,"1":14,"2":14,"3":1,"4":14,"5":1,"6":14,"7":14,"8":7,"9":7,"10":0,"11":0,"12":0,"13":7,"14":70,"15":70,"16":65,"17":5,"18":5,"19":5,"20":5,"21":5,"22":5,"23":5},"f":{"0":7,"1":14,"2":7,"3":70,"4":5},"b":{"0":[1,13],"1":[1,13],"2":[0,7],"3":[65,5],"4":[5,0],"5":[5,5],"6":[5,0]}}
,"/Users/mingyannie/Desktop/ui组件库/n-ui/src/components/layout/grid/Row.vue": {"path":"/Users/mingyannie/Desktop/ui组件库/n-ui/src/components/layout/grid/Row.vue","statementMap":{"0":{"start":{"line":22,"column":0},"end":{"line":22,"column":null}},"1":{"start":{"line":27,"column":0},"end":{"line":27,"column":null}},"2":{"start":{"line":28,"column":0},"end":{"line":32,"column":null}},"3":{"start":{"line":29,"column":0},"end":{"line":29,"column":null}},"4":{"start":{"line":30,"column":0},"end":{"line":30,"column":null}},"5":{"start":{"line":31,"column":0},"end":{"line":31,"column":null}},"6":{"start":{"line":33,"column":0},"end":{"line":35,"column":null}},"7":{"start":{"line":34,"column":0},"end":{"line":34,"column":null}},"8":{"start":{"line":36,"column":0},"end":{"line":38,"column":null}},"9":{"start":{"line":37,"column":0},"end":{"line":37,"column":null}},"10":{"start":{"line":39,"column":0},"end":{"line":39,"column":null}},"11":{"start":{"line":43,"column":0},"end":{"line":48,"column":null}},"12":{"start":{"line":44,"column":0},"end":{"line":47,"column":null}},"13":{"start":{"line":45,"column":0},"end":{"line":45,"column":null}},"14":{"start":{"line":46,"column":0},"end":{"line":46,"column":null}}},"fnMap":{"0":{"name":"(anonymous_1)","decl":{"start":{"line":21,"column":0},"end":{"line":21,"column":null}},"loc":{"start":{"line":21,"column":0},"end":{"line":40,"column":null}}},"1":{"name":"(anonymous_2)","decl":{"start":{"line":42,"column":0},"end":{"line":42,"column":null}},"loc":{"start":{"line":42,"column":0},"end":{"line":49,"column":null}}},"2":{"name":"(anonymous_3)","decl":{"start":{"line":44,"column":0},"end":{"line":44,"column":null}},"loc":{"start":{"line":44,"column":0},"end":{"line":47,"column":null}}}},"branchMap":{"0":{"loc":{"start":{"line":28,"column":0},"end":{"line":32,"column":null}},"type":"if","locations":[{"start":{"line":28,"column":0},"end":{"line":32,"column":null}},{"start":{"line":28,"column":0},"end":{"line":32,"column":null}}]},"1":{"loc":{"start":{"line":33,"column":0},"end":{"line":35,"column":null}},"type":"if","locations":[{"start":{"line":33,"column":0},"end":{"line":35,"column":null}},{"start":{"line":33,"column":0},"end":{"line":35,"column":null}}]},"2":{"loc":{"start":{"line":36,"column":0},"end":{"line":38,"column":null}},"type":"if","locations":[{"start":{"line":36,"column":0},"end":{"line":38,"column":null}},{"start":{"line":36,"column":0},"end":{"line":38,"column":null}}]},"3":{"loc":{"start":{"line":43,"column":0},"end":{"line":48,"column":null}},"type":"if","locations":[{"start":{"line":43,"column":0},"end":{"line":48,"column":null}},{"start":{"line":43,"column":0},"end":{"line":48,"column":null}}]}},"s":{"0":6,"1":6,"2":6,"3":1,"4":1,"5":1,"6":6,"7":1,"8":6,"9":1,"10":6,"11":3,"12":0,"13":0,"14":0},"f":{"0":6,"1":3,"2":0},"b":{"0":[1,5],"1":[1,5],"2":[1,5],"3":[0,3]}}
,"/Users/mingyannie/Desktop/ui组件库/n-ui/src/utils/findTestWrapper.js": {"path":"/Users/mingyannie/Desktop/ui组件库/n-ui/src/utils/findTestWrapper.js","statementMap":{"0":{"start":{"line":2,"column":2},"end":{"line":2,"column":49}}},"fnMap":{"0":{"name":"findTestWrapper","decl":{"start":{"line":1,"column":16},"end":{"line":1,"column":31}},"loc":{"start":{"line":1,"column":46},"end":{"line":3,"column":1}},"line":1}},"branchMap":{},"s":{"0":15},"f":{"0":15},"b":{},"_coverageSchema":"43e27e138ebf9cfc5966b082cf9a028302ed4184","hash":"eecacee2b46a806df2c6d67ffa9f8dad8a6a7e7a"}
,"/Users/mingyannie/Desktop/ui组件库/n-ui/src/utils/index.js": {"path":"/Users/mingyannie/Desktop/ui组件库/n-ui/src/utils/index.js","statementMap":{},"fnMap":{},"branchMap":{},"s":{},"f":{},"b":{},"_coverageSchema":"43e27e138ebf9cfc5966b082cf9a028302ed4184","hash":"8b7873fd790058d6d8e66de9866bd7673f46ddd8"}
}
