TN:
SF:/Users/niemingyan/Desktop/demo/n-ui/src/components/feedback/toast/Toast.vue
FN:40,(anonymous_1)
FN:45,(anonymous_2)
FN:48,(anonymous_3)
FN:53,(anonymous_4)
FN:58,(anonymous_5)
FN:66,(anonymous_6)
FN:70,(anonymous_7)
FN:76,(anonymous_8)
FN:78,(anonymous_9)
FNF:9
FNH:8
FNDA:10,(anonymous_1)
FNDA:5,(anonymous_2)
FNDA:5,(anonymous_3)
FNDA:6,(anonymous_4)
FNDA:1,(anonymous_5)
FNDA:5,(anonymous_6)
FNDA:0,(anonymous_7)
FNDA:5,(anonymous_8)
FNDA:1,(anonymous_9)
DA:41,10
DA:46,5
DA:49,5
DA:50,5
DA:54,6
DA:59,1
DA:60,1
DA:61,1
DA:62,1
DA:64,1
DA:67,5
DA:68,5
DA:70,0
DA:71,0
DA:72,0
DA:73,0
DA:77,5
DA:78,5
DA:79,1
LF:19
LH:15
BRDA:61,0,0,1
BRDA:61,0,1,0
BRDA:61,1,0,1
BRDA:61,1,1,1
BRDA:67,2,0,5
BRDA:67,2,1,0
BRDA:77,3,0,5
BRDA:77,3,1,0
BRF:8
BRH:5
end_of_record
TN:
SF:/Users/niemingyan/Desktop/demo/n-ui/src/components/form/input/Input.vue
FN:77,(anonymous_1)
FN:86,(anonymous_2)
FN:91,(anonymous_3)
FN:94,(anonymous_4)
FN:97,(anonymous_5)
FN:100,(anonymous_6)
FN:103,(anonymous_7)
FNF:7
FNH:6
FNDA:2,(anonymous_1)
FNDA:0,(anonymous_2)
FNDA:1,(anonymous_3)
FNDA:6,(anonymous_4)
FNDA:1,(anonymous_5)
FNDA:1,(anonymous_6)
FNDA:1,(anonymous_7)
DA:44,1
DA:78,2
DA:79,2
DA:80,1
DA:81,1
DA:82,1
DA:84,2
DA:87,0
DA:92,1
DA:95,6
DA:98,1
DA:101,1
DA:104,1
LF:13
LH:12
BRDA:79,0,0,1
BRDA:79,0,1,1
BRDA:81,1,0,1
BRDA:81,1,1,0
BRF:4
BRH:3
end_of_record
TN:
SF:/Users/niemingyan/Desktop/demo/n-ui/src/components/layout/collapse/Collapse.vue
FN:18,(anonymous_1)
FN:25,(anonymous_2)
FN:30,(anonymous_3)
FN:36,(anonymous_4)
FN:40,(anonymous_5)
FN:44,(anonymous_6)
FN:49,(anonymous_7)
FN:51,(anonymous_8)
FN:58,(anonymous_9)
FN:72,(anonymous_10)
FNF:10
FNH:6
FNDA:0,(anonymous_1)
FNDA:2,(anonymous_2)
FNDA:2,(anonymous_3)
FNDA:2,(anonymous_4)
FNDA:2,(anonymous_5)
FNDA:1,(anonymous_6)
FNDA:1,(anonymous_7)
FNDA:0,(anonymous_8)
FNDA:0,(anonymous_9)
FNDA:0,(anonymous_10)
DA:8,1
DA:18,0
DA:26,2
DA:31,2
DA:37,2
DA:38,2
DA:41,2
DA:45,1
DA:48,1
DA:50,1
DA:51,0
DA:55,1
DA:59,0
DA:60,0
DA:62,0
DA:66,1
DA:67,1
DA:68,1
DA:73,0
LF:19
LH:13
BRDA:50,0,0,0
BRDA:50,0,1,1
BRDA:59,1,0,0
BRDA:59,1,1,0
BRDA:66,2,0,1
BRDA:66,2,1,0
BRF:6
BRH:2
end_of_record
TN:
SF:/Users/niemingyan/Desktop/demo/n-ui/src/components/layout/collapse/CollapseItem.vue
FN:26,(anonymous_1)
FN:32,(anonymous_2)
FN:35,(anonymous_3)
FN:44,(anonymous_4)
FN:47,(anonymous_5)
FNF:5
FNH:5
FNDA:6,(anonymous_1)
FNDA:1,(anonymous_2)
FNDA:6,(anonymous_3)
FNDA:6,(anonymous_4)
FNDA:6,(anonymous_5)
DA:27,6
DA:33,1
DA:36,6
DA:37,4
DA:39,2
DA:41,6
DA:45,6
DA:48,6
LF:8
LH:8
BRDA:36,0,0,4
BRDA:36,0,1,2
BRF:2
BRH:2
end_of_record
TN:
SF:/Users/niemingyan/Desktop/demo/n-ui/src/components/layout/grid/Col.vue
FN:35,(anonymous_1)
FN:41,(anonymous_2)
FN:58,(anonymous_3)
FN:69,(anonymous_4)
FN:81,(anonymous_5)
FNF:5
FNH:5
FNDA:7,(anonymous_1)
FNDA:14,(anonymous_2)
FNDA:7,(anonymous_3)
FNDA:70,(anonymous_4)
FNDA:5,(anonymous_5)
DA:36,7
DA:42,14
DA:43,14
DA:44,1
DA:46,14
DA:47,1
DA:49,14
DA:56,14
DA:59,7
DA:60,7
DA:61,0
DA:62,0
DA:63,0
DA:65,7
DA:70,70
DA:71,70
DA:72,65
DA:74,5
DA:76,5
DA:77,5
DA:80,5
DA:81,5
DA:82,5
DA:86,5
LF:24
LH:21
BRDA:43,0,0,1
BRDA:43,0,1,13
BRDA:46,1,0,1
BRDA:46,1,1,13
BRDA:60,2,0,0
BRDA:60,2,1,7
BRDA:71,3,0,65
BRDA:71,3,1,5
BRDA:76,4,0,5
BRDA:76,4,1,0
BRDA:76,5,0,5
BRDA:76,5,1,5
BRDA:82,6,0,5
BRDA:82,6,1,0
BRF:14
BRH:11
end_of_record
TN:
SF:/Users/niemingyan/Desktop/demo/n-ui/src/components/layout/grid/Row.vue
FN:21,(anonymous_1)
FN:42,(anonymous_2)
FN:44,(anonymous_3)
FNF:3
FNH:2
FNDA:6,(anonymous_1)
FNDA:3,(anonymous_2)
FNDA:0,(anonymous_3)
DA:22,6
DA:27,6
DA:28,6
DA:29,1
DA:30,1
DA:31,1
DA:33,6
DA:34,1
DA:36,6
DA:37,1
DA:39,6
DA:43,3
DA:44,0
DA:45,0
DA:46,0
LF:15
LH:12
BRDA:28,0,0,1
BRDA:28,0,1,5
BRDA:33,1,0,1
BRDA:33,1,1,5
BRDA:36,2,0,1
BRDA:36,2,1,5
BRDA:43,3,0,0
BRDA:43,3,1,3
BRF:8
BRH:7
end_of_record
TN:
SF:/Users/niemingyan/Desktop/demo/n-ui/src/components/navigation/tabs/TabHead.vue
FN:15,(anonymous_1)
FN:16,(anonymous_2)
FN:24,(anonymous_3)
FNF:3
FNH:2
FNDA:4,(anonymous_1)
FNDA:5,(anonymous_2)
FNDA:0,(anonymous_3)
DA:16,4
DA:17,5
DA:18,5
DA:19,5
DA:20,5
DA:25,0
LF:6
LH:5
BRF:0
BRH:0
end_of_record
TN:
SF:/Users/niemingyan/Desktop/demo/n-ui/src/components/navigation/tabs/TabPane.vue
FN:17,(anonymous_1)
FN:23,(anonymous_2)
FN:27,(anonymous_3)
FN:28,(anonymous_4)
FNF:4
FNH:4
FNDA:12,(anonymous_1)
FNDA:18,(anonymous_2)
FNDA:12,(anonymous_3)
FNDA:15,(anonymous_4)
DA:18,12
DA:24,18
DA:28,12
DA:29,15
DA:30,5
DA:32,10
LF:6
LH:6
BRDA:29,0,0,5
BRDA:29,0,1,10
BRF:2
BRH:2
end_of_record
TN:
SF:/Users/niemingyan/Desktop/demo/n-ui/src/components/navigation/tabs/TabTitle.vue
FN:21,(anonymous_1)
FN:27,(anonymous_2)
FN:34,(anonymous_3)
FN:35,(anonymous_4)
FN:44,(anonymous_5)
FNF:5
FNH:5
FNDA:12,(anonymous_1)
FNDA:18,(anonymous_2)
FNDA:12,(anonymous_3)
FNDA:15,(anonymous_4)
FNDA:1,(anonymous_5)
DA:22,12
DA:28,18
DA:35,12
DA:36,15
DA:37,5
DA:39,10
DA:45,1
DA:46,0
DA:48,1
LF:9
LH:8
BRDA:36,0,0,5
BRDA:36,0,1,10
BRDA:45,1,0,0
BRDA:45,1,1,1
BRF:4
BRH:3
end_of_record
TN:
SF:/Users/niemingyan/Desktop/demo/n-ui/src/components/navigation/tabs/Tabs.vue
FN:25,(anonymous_1)
FN:30,(anonymous_2)
FN:35,(anonymous_3)
FN:37,(anonymous_4)
FN:39,(anonymous_5)
FN:41,(anonymous_6)
FN:53,(anonymous_7)
FN:56,(anonymous_8)
FNF:8
FNH:7
FNDA:4,(anonymous_1)
FNDA:4,(anonymous_2)
FNDA:4,(anonymous_3)
FNDA:4,(anonymous_4)
FNDA:8,(anonymous_5)
FNDA:12,(anonymous_6)
FNDA:1,(anonymous_7)
FNDA:0,(anonymous_8)
DA:8,1
DA:26,4
DA:31,4
DA:38,4
DA:39,4
DA:40,8
DA:41,4
DA:42,12
DA:46,4
DA:53,4
DA:54,1
DA:56,4
DA:57,0
LF:13
LH:12
BRDA:38,0,0,4
BRDA:38,0,1,0
BRDA:40,1,0,4
BRDA:40,1,1,4
BRDA:42,2,0,4
BRDA:42,2,1,8
BRDA:42,3,0,12
BRDA:42,3,1,4
BRF:8
BRH:7
end_of_record
TN:
SF:/Users/niemingyan/Desktop/demo/n-ui/src/components/viewport/popover/Popover.vue
FN:26,(anonymous_1)
FN:33,(anonymous_2)
FN:38,(anonymous_3)
FN:44,(anonymous_4)
FN:50,(anonymous_5)
FN:57,(anonymous_6)
FN:62,(anonymous_7)
FN:68,(anonymous_8)
FN:78,(anonymous_9)
FN:81,(anonymous_10)
FN:84,(anonymous_11)
FN:87,(anonymous_12)
FN:96,(anonymous_13)
FN:97,(anonymous_14)
FNF:14
FNH:11
FNDA:5,(anonymous_1)
FNDA:5,(anonymous_2)
FNDA:4,(anonymous_3)
FNDA:4,(anonymous_4)
FNDA:4,(anonymous_5)
FNDA:4,(anonymous_6)
FNDA:0,(anonymous_7)
FNDA:3,(anonymous_8)
FNDA:3,(anonymous_9)
FNDA:3,(anonymous_10)
FNDA:0,(anonymous_11)
FNDA:0,(anonymous_12)
FNDA:3,(anonymous_13)
FNDA:3,(anonymous_14)
DA:27,5
DA:34,5
DA:39,4
DA:45,4
DA:46,1
DA:48,3
DA:51,4
DA:52,1
DA:54,3
DA:58,4
DA:59,4
DA:60,4
DA:63,0
DA:64,0
DA:65,0
DA:69,3
DA:70,3
DA:71,3
DA:73,0
DA:79,3
DA:82,3
DA:85,0
DA:88,0
DA:92,0
DA:94,0
DA:97,3
DA:98,3
DA:104,3
DA:105,3
DA:106,3
DA:107,3
DA:108,3
DA:130,3
DA:131,3
DA:132,3
LF:35
LH:27
BRDA:45,0,0,1
BRDA:45,0,1,3
BRDA:51,1,0,1
BRDA:51,1,1,3
BRDA:69,2,0,3
BRDA:69,2,1,0
BRDA:88,3,0,0
BRDA:88,3,1,0
BRDA:88,4,0,0
BRDA:88,4,1,0
BRF:10
BRH:5
end_of_record
TN:
SF:/Users/niemingyan/Desktop/demo/n-ui/src/utils/findTestWrapper.js
FN:1,findTestWrapper
FNF:1
FNH:1
FNDA:26,findTestWrapper
DA:2,26
LF:1
LH:1
BRF:0
BRH:0
end_of_record
TN:
SF:/Users/niemingyan/Desktop/demo/n-ui/src/utils/index.js
FNF:0
FNH:0
LF:0
LH:0
BRF:0
BRH:0
end_of_record
