TN:
SF:/Users/mingyannie/Desktop/ui组件库/n-ui/src/components/feedback/Toast.vue
FN:40,(anonymous_1)
FN:45,(anonymous_2)
FN:48,(anonymous_3)
FN:53,(anonymous_4)
FN:58,(anonymous_5)
FN:66,(anonymous_6)
FN:70,(anonymous_7)
FN:76,(anonymous_8)
FN:78,(anonymous_9)
FNF:9
FNH:8
FNDA:10,(anonymous_1)
FNDA:5,(anonymous_2)
FNDA:5,(anonymous_3)
FNDA:6,(anonymous_4)
FNDA:1,(anonymous_5)
FNDA:5,(anonymous_6)
FNDA:0,(anonymous_7)
FNDA:5,(anonymous_8)
FNDA:1,(anonymous_9)
DA:41,10
DA:46,5
DA:49,5
DA:50,5
DA:54,6
DA:59,1
DA:60,1
DA:61,1
DA:62,1
DA:64,1
DA:67,5
DA:68,5
DA:70,0
DA:71,0
DA:72,0
DA:73,0
DA:77,5
DA:78,5
DA:79,1
LF:19
LH:15
BRDA:61,0,0,1
BRDA:61,0,1,0
BRDA:61,1,0,1
BRDA:61,1,1,1
BRDA:67,2,0,5
BRDA:67,2,1,0
BRDA:77,3,0,5
BRDA:77,3,1,0
BRF:8
BRH:5
end_of_record
TN:
SF:/Users/mingyannie/Desktop/ui组件库/n-ui/src/components/form/input/Input.vue
FN:77,(anonymous_1)
FN:86,(anonymous_2)
FN:91,(anonymous_3)
FN:94,(anonymous_4)
FN:97,(anonymous_5)
FN:100,(anonymous_6)
FN:103,(anonymous_7)
FNF:7
FNH:6
FNDA:2,(anonymous_1)
FNDA:0,(anonymous_2)
FNDA:1,(anonymous_3)
FNDA:6,(anonymous_4)
FNDA:1,(anonymous_5)
FNDA:1,(anonymous_6)
FNDA:1,(anonymous_7)
DA:44,1
DA:78,2
DA:79,2
DA:80,1
DA:81,1
DA:82,1
DA:84,2
DA:87,0
DA:92,1
DA:95,6
DA:98,1
DA:101,1
DA:104,1
LF:13
LH:12
BRDA:79,0,0,1
BRDA:79,0,1,1
BRDA:81,1,0,1
BRDA:81,1,1,0
BRF:4
BRH:3
end_of_record
TN:
SF:/Users/mingyannie/Desktop/ui组件库/n-ui/src/components/layout/grid/Col.vue
FN:35,(anonymous_1)
FN:41,(anonymous_2)
FN:58,(anonymous_3)
FN:69,(anonymous_4)
FN:81,(anonymous_5)
FNF:5
FNH:5
FNDA:7,(anonymous_1)
FNDA:14,(anonymous_2)
FNDA:7,(anonymous_3)
FNDA:70,(anonymous_4)
FNDA:5,(anonymous_5)
DA:36,7
DA:42,14
DA:43,14
DA:44,1
DA:46,14
DA:47,1
DA:49,14
DA:56,14
DA:59,7
DA:60,7
DA:61,0
DA:62,0
DA:63,0
DA:65,7
DA:70,70
DA:71,70
DA:72,65
DA:74,5
DA:76,5
DA:77,5
DA:80,5
DA:81,5
DA:82,5
DA:86,5
LF:24
LH:21
BRDA:43,0,0,1
BRDA:43,0,1,13
BRDA:46,1,0,1
BRDA:46,1,1,13
BRDA:60,2,0,0
BRDA:60,2,1,7
BRDA:71,3,0,65
BRDA:71,3,1,5
BRDA:76,4,0,5
BRDA:76,4,1,0
BRDA:76,5,0,5
BRDA:76,5,1,5
BRDA:82,6,0,5
BRDA:82,6,1,0
BRF:14
BRH:11
end_of_record
TN:
SF:/Users/mingyannie/Desktop/ui组件库/n-ui/src/components/layout/grid/Row.vue
FN:21,(anonymous_1)
FN:42,(anonymous_2)
FN:44,(anonymous_3)
FNF:3
FNH:2
FNDA:6,(anonymous_1)
FNDA:3,(anonymous_2)
FNDA:0,(anonymous_3)
DA:22,6
DA:27,6
DA:28,6
DA:29,1
DA:30,1
DA:31,1
DA:33,6
DA:34,1
DA:36,6
DA:37,1
DA:39,6
DA:43,3
DA:44,0
DA:45,0
DA:46,0
LF:15
LH:12
BRDA:28,0,0,1
BRDA:28,0,1,5
BRDA:33,1,0,1
BRDA:33,1,1,5
BRDA:36,2,0,1
BRDA:36,2,1,5
BRDA:43,3,0,0
BRDA:43,3,1,3
BRF:8
BRH:7
end_of_record
TN:
SF:/Users/mingyannie/Desktop/ui组件库/n-ui/src/utils/findTestWrapper.js
FN:1,findTestWrapper
FNF:1
FNH:1
FNDA:15,findTestWrapper
DA:2,15
LF:1
LH:1
BRF:0
BRH:0
end_of_record
TN:
SF:/Users/mingyannie/Desktop/ui组件库/n-ui/src/utils/index.js
FNF:0
FNH:0
LF:0
LH:0
BRF:0
BRH:0
end_of_record
